2022-06-13T02:07:40.6NZ mysqld_safe Logging to '/Applications/MAMP/logs/mysql_error.log'.
2022-06-13T02:07:40.6NZ mysqld_safe Starting mysqld daemon with databases from /Applications/MAMP/db/mysql57
2022-06-13T02:07:40.463189Z 0 [Warning] TIMESTAMP with implicit DEFAULT value is deprecated. Please use --explicit_defaults_for_timestamp server option (see documentation for more details).
2022-06-13T02:07:40.463622Z 0 [Note] --secure-file-priv is set to NULL. Operations related to importing and exporting data are disabled
2022-06-13T02:07:40.464501Z 0 [Note] /Applications/MAMP/Library/bin/mysqld (mysqld 5.7.34) starting as process 4650 ...
2022-06-13T02:07:40.472273Z 0 [Warning] Setting lower_case_table_names=2 because file system for /Applications/MAMP/db/mysql57/ is case insensitive
2022-06-13T02:07:40.478580Z 0 [Note] InnoDB: Mutexes and rw_locks use GCC atomic builtins
2022-06-13T02:07:40.478599Z 0 [Note] InnoDB: Uses event mutexes
2022-06-13T02:07:40.478609Z 0 [Note] InnoDB: GCC builtin __atomic_thread_fence() is used for memory barrier
2022-06-13T02:07:40.478615Z 0 [Note] InnoDB: Compressed tables use zlib 1.2.11
2022-06-13T02:07:40.480330Z 0 [Note] InnoDB: Number of pools: 1
2022-06-13T02:07:40.481744Z 0 [Note] InnoDB: Using CPU crc32 instructions
2022-06-13T02:07:40.482968Z 0 [Note] InnoDB: Initializing buffer pool, total size = 128M, instances = 1, chunk size = 128M
2022-06-13T02:07:40.491800Z 0 [Note] InnoDB: Completed initialization of buffer pool
2022-06-13T02:07:40.511929Z 0 [Note] InnoDB: Highest supported file format is Barracuda.
2022-06-13T02:07:40.537981Z 0 [Note] InnoDB: Creating shared tablespace for temporary tables
2022-06-13T02:07:40.538079Z 0 [Note] InnoDB: Setting file './ibtmp1' size to 12 MB. Physically writing the file full; Please wait ...
2022-06-13T02:07:40.542743Z 0 [Note] InnoDB: File './ibtmp1' size is now 12 MB.
2022-06-13T02:07:40.543158Z 0 [Note] InnoDB: 96 redo rollback segment(s) found. 96 redo rollback segment(s) are active.
2022-06-13T02:07:40.543170Z 0 [Note] InnoDB: 32 non-redo rollback segment(s) are active.
2022-06-13T02:07:40.543925Z 0 [Note] InnoDB: Waiting for purge to start
2022-06-13T02:07:40.599014Z 0 [Note] InnoDB: 5.7.34 started; log sequence number 2702059
2022-06-13T02:07:40.599314Z 0 [Note] InnoDB: Loading buffer pool(s) from /Applications/MAMP/db/mysql57/ib_buffer_pool
2022-06-13T02:07:40.600026Z 0 [Note] Plugin 'FEDERATED' is disabled.
2022-06-13T02:07:40.612591Z 0 [Warning] InnoDB: Table mysql/innodb_table_stats has length mismatch in the column name table_name.  Please run mysql_upgrade
2022-06-13T02:07:40.612632Z 0 [Warning] InnoDB: Table mysql/innodb_index_stats has length mismatch in the column name table_name.  Please run mysql_upgrade
2022-06-13T02:07:40.613984Z 0 [Note] InnoDB: Buffer pool(s) load completed at 220613 11:07:40
2022-06-13T02:07:40.638758Z 0 [Note] Found ca.pem, server-cert.pem and server-key.pem in data directory. Trying to enable SSL support using them.
2022-06-13T02:07:40.638965Z 0 [Note] Skipping generation of SSL certificates as certificate files are present in data directory.
2022-06-13T02:07:40.648385Z 0 [Warning] CA certificate ca.pem is self signed.
2022-06-13T02:07:40.649331Z 0 [Note] Skipping generation of RSA key pair as key files are present in data directory.
2022-06-13T02:07:40.649787Z 0 [Note] Server hostname (bind-address): '*'; port: 3306
2022-06-13T02:07:40.650708Z 0 [Note] IPv6 is available.
2022-06-13T02:07:40.651011Z 0 [Note]   - '::' resolves to '::';
2022-06-13T02:07:40.651048Z 0 [Note] Server socket created on IP: '::'.
2022-06-13T02:07:40.651247Z 0 [Warning] Insecure configuration for --pid-file: Location '/Applications/MAMP/tmp' in the path is accessible to all OS users. Consider choosing a different directory.
2022-06-13T02:07:40.677793Z 0 [Note] Event Scheduler: Loaded 0 events
2022-06-13T02:07:40.678084Z 0 [Note] /Applications/MAMP/Library/bin/mysqld: ready for connections.
Version: '5.7.34'  socket: '/Applications/MAMP/tmp/mysql/mysql.sock'  port: 3306  MySQL Community Server (GPL)
